::1 - - [15/Sep/2022:18:53:03 +0200] "GET / HTTP/1.1" 200 199
::1 - - [15/Sep/2022:18:53:03 +0200] "GET /favicon.ico HTTP/1.1" 404 209
::1 - - [15/Sep/2022:19:02:26 +0200] "GET / HTTP/1.1" 200 311
::1 - - [15/Sep/2022:19:02:33 +0200] "GET /formulario.html HTTP/1.1" 200 568
::1 - - [15/Sep/2022:19:03:13 +0200] "GET /formulario.html HTTP/1.1" 200 623
::1 - - [15/Sep/2022:19:05:09 +0200] "GET /formulario.html? HTTP/1.1" 200 678
::1 - - [15/Sep/2022:19:05:11 +0200] "POST /datos.php HTTP/1.1" 200 -
::1 - - [15/Sep/2022:19:05:15 +0200] "POST /datos.php HTTP/1.1" 200 -
::1 - - [15/Sep/2022:19:05:27 +0200] "POST /datos.php HTTP/1.1" 200 -
::1 - - [15/Sep/2022:19:05:42 +0200] "POST /datos.php HTTP/1.1" 200 11
::1 - - [15/Sep/2022:19:06:13 +0200] "POST /datos.php HTTP/1.1" 200 9
::1 - - [15/Sep/2022:19:11:07 +0200] "POST /datos.php HTTP/1.1" 200 38
::1 - - [15/Sep/2022:19:11:36 +0200] "POST /datos.php HTTP/1.1" 200 45
::1 - - [15/Sep/2022:19:23:46 +0200] "GET /phpmyadmin HTTP/1.1" 301 236
::1 - - [15/Sep/2022:19:23:46 +0200] "GET /phpmyadmin/ HTTP/1.1" 200 8516
::1 - - [15/Sep/2022:19:23:47 +0200] "GET /phpmyadmin/themes/pmahomme/jquery/jquery-ui-1.9.2.custom.css HTTP/1.1" 200 32278
::1 - - [15/Sep/2022:19:23:47 +0200] "GET /phpmyadmin/js/get_image.js.php?theme=pmahomme HTTP/1.1" 200 6263
::1 - - [15/Sep/2022:19:23:47 +0200] "GET /phpmyadmin/phpmyadmin.css.php?server=1&lang=es&collation_connection=utf8_general_ci&token=2768d0726630a5b18be7667e30ad0d73&nocache=4125195912ltr HTTP/1.1" 200 88608
::1 - - [15/Sep/2022:19:23:47 +0200] "GET /phpmyadmin/js/messages.php?lang=es&db=&server=0&collation_connection=utf8_general_ci&token=3dbbcee82b579274c3fc0e7501a0c0b8 HTTP/1.1" 200 18333
::1 - - [15/Sep/2022:19:23:47 +0200] "GET /phpmyadmin/themes/pmahomme/img/logo_right.png HTTP/1.1" 200 4548
::1 - - [15/Sep/2022:19:23:47 +0200] "GET /phpmyadmin/themes/dot.gif HTTP/1.1" 200 43
::1 - - [15/Sep/2022:19:23:47 +0200] "GET /phpmyadmin/js/get_scripts.js.php?scripts[]=jquery/jquery-1.8.3.js&scripts[]=ajax.js&scripts[]=keyhandler.js&scripts[]=jquery/jquery-ui-1.9.2.custom.js&scripts[]=jquery/jquery.sprintf.js&scripts[]=jquery/jquery.cookie.js&scripts[]=jquery/jquery.mousewheel.js&scripts[]=jquery/jquery.event.drag-2.2.js&scripts[]=jquery/jquery-ui-timepicker-addon.js&scripts[]=jquery/jquery.ba-hashchange-1.3.js&scripts[]=jquery/jquery.debounce-1.0.5.js&scripts[]=jquery/jquery.menuResizer-1.0.js&scripts[]=rte.js&scripts[]=functions.js&scripts[]=navigation.js&scripts[]=indexes.js&scripts[]=common.js&scripts[]=codemirror/lib/codemirror.js&scripts[]=codemirror/mode/mysql/mysql.js HTTP/1.1" 200 578562
::1 - - [15/Sep/2022:19:23:47 +0200] "GET /phpmyadmin/themes/pmahomme/img/sprites.png HTTP/1.1" 200 61899
::1 - - [15/Sep/2022:19:23:47 +0200] "GET /phpmyadmin/favicon.ico HTTP/1.1" 200 18902
::1 - - [15/Sep/2022:19:23:56 +0200] "POST /phpmyadmin/index.php HTTP/1.1" 302 -
::1 - - [15/Sep/2022:19:23:56 +0200] "GET /phpmyadmin/index.php?token=2768d0726630a5b18be7667e30ad0d73 HTTP/1.1" 200 47692
::1 - - [15/Sep/2022:19:23:56 +0200] "GET /phpmyadmin/phpmyadmin.css.php?server=1&token=2768d0726630a5b18be7667e30ad0d73&nocache=5788458548ltr HTTP/1.1" 200 88608
::1 - - [15/Sep/2022:19:23:56 +0200] "GET /phpmyadmin/themes/pmahomme/img/logo_left.png HTTP/1.1" 200 2327
::1 - - [15/Sep/2022:19:23:57 +0200] "GET /phpmyadmin/themes/pmahomme/img/ajax_clock_small.gif HTTP/1.1" 200 1810
::1 - - [15/Sep/2022:19:23:56 +0200] "GET /phpmyadmin/js/messages.php?lang=es&db=&server=0&token=2768d0726630a5b18be7667e30ad0d73 HTTP/1.1" 200 18333
::1 - - [15/Sep/2022:19:23:57 +0200] "GET /phpmyadmin/themes/pmahomme/img/left_nav_bg.png HTTP/1.1" 200 297
::1 - - [15/Sep/2022:19:23:57 +0200] "GET /phpmyadmin/version_check.php?&_nocache=1663262637106117351 HTTP/1.1" 200 39
::1 - - [15/Sep/2022:19:24:13 +0200] "GET /phpmyadmin/server_databases.php?db=&token=2768d0726630a5b18be7667e30ad0d73&ajax_request=true&ajax_page_request=true&menuHashes=1d4fa234&_nocache=1663262653324819391 HTTP/1.1" 200 39975
::1 - - [15/Sep/2022:19:24:13 +0200] "GET /phpmyadmin/js/get_scripts.js.php?scripts[]=server_databases.js HTTP/1.1" 200 1818
::1 - - [15/Sep/2022:19:24:13 +0200] "GET /phpmyadmin/themes/pmahomme/img/arrow_ltr.png HTTP/1.1" 200 139
::1 - - [15/Sep/2022:19:24:29 +0200] "GET /phpmyadmin/index.php?token=2768d0726630a5b18be7667e30ad0d73&ajax_request=true&ajax_page_request=true&menuHashes=1d4fa234-b4283fe4&_nocache=1663262669225332357 HTTP/1.1" 200 42684
::1 - - [15/Sep/2022:19:24:29 +0200] "GET /phpmyadmin/version_check.php?&_nocache=1663262669361269537 HTTP/1.1" 200 39
::1 - - [15/Sep/2022:19:24:40 +0200] "GET /phpmyadmin/navigation.php?ajax_request=1&token=2768d0726630a5b18be7667e30ad0d73&aPath=cm9vdA%3D%3D.dGVzdA%3D%3D&vPath=cm9vdA%3D%3D.dGVzdA%3D%3D&pos=0&pos2_name=&pos2_value=&searchClause=&searchClause2=&_nocache=1663262680820321064 HTTP/1.1" 200 97
::1 - - [15/Sep/2022:19:24:47 +0200] "GET /phpmyadmin/server_databases.php?db=&token=2768d0726630a5b18be7667e30ad0d73&ajax_request=true&ajax_page_request=true&menuHashes=1d4fa234-b4283fe4&_nocache=1663262687081543661 HTTP/1.1" 200 37087
::1 - - [15/Sep/2022:19:25:12 +0200] "POST /phpmyadmin/db_create.php HTTP/1.1" 200 3159
::1 - - [15/Sep/2022:19:25:12 +0200] "POST /phpmyadmin/navigation.php?ajax_request=1&token=2768d0726630a5b18be7667e30ad0d73 HTTP/1.1" 200 1270
::1 - - [15/Sep/2022:19:25:26 +0200] "GET /phpmyadmin/db_structure.php?server=1&db=daw2&token=2768d0726630a5b18be7667e30ad0d73&ajax_request=true&ajax_page_request=true&menuHashes=1d4fa234-b4283fe4&_nocache=1663262726650845009 HTTP/1.1" 200 5571
::1 - - [15/Sep/2022:19:25:26 +0200] "GET /phpmyadmin/js/get_scripts.js.php?scripts[]=db_structure.js&scripts[]=tbl_change.js HTTP/1.1" 200 12382
::1 - - [15/Sep/2022:19:25:37 +0200] "POST /phpmyadmin/tbl_create.php HTTP/1.1" 200 204000
::1 - - [15/Sep/2022:19:25:37 +0200] "GET /phpmyadmin/index.php?ajax_request=1&recent_table=1&token=2768d0726630a5b18be7667e30ad0d73 HTTP/1.1" 200 209
::1 - - [15/Sep/2022:19:28:59 +0200] "POST /phpmyadmin/tbl_create.php HTTP/1.1" 200 9344
::1 - - [15/Sep/2022:19:28:59 +0200] "GET /phpmyadmin/db_structure.php?token=2768d0726630a5b18be7667e30ad0d73&server=1&db=daw2&table=alumnos&ajax_request=true&ajax_page_request=true&menuHashes=1d4fa234-b4283fe4-d87be1d0-9e570cad&_nocache=1663262939670796254 HTTP/1.1" 200 12930
::1 - - [15/Sep/2022:19:28:59 +0200] "POST /phpmyadmin/navigation.php?ajax_request=1&token=2768d0726630a5b18be7667e30ad0d73 HTTP/1.1" 200 1270
::1 - - [15/Sep/2022:19:28:59 +0200] "GET /phpmyadmin/index.php?ajax_request=1&recent_table=1&token=2768d0726630a5b18be7667e30ad0d73 HTTP/1.1" 200 209
::1 - - [15/Sep/2022:19:29:42 +0200] "POST /phpmyadmin/tbl_create.php HTTP/1.1" 200 203893
::1 - - [15/Sep/2022:19:29:44 +0200] "GET /phpmyadmin/db_structure.php?db=daw2&token=2768d0726630a5b18be7667e30ad0d73&ajax_request=true&ajax_page_request=true&menuHashes=1d4fa234-b4283fe4-d87be1d0-9e570cad-d6d86eb8-8683bd30&_nocache=1663262984337799651 HTTP/1.1" 200 9650
::1 - - [15/Sep/2022:19:29:47 +0200] "GET /phpmyadmin/sql.php?db=daw2&token=2768d0726630a5b18be7667e30ad0d73&goto=db_structure.php&table=alumnos&pos=0&ajax_request=true&ajax_page_request=true&menuHashes=1d4fa234-b4283fe4-d87be1d0-9e570cad-d6d86eb8-8683bd30&_nocache=1663262987297724348 HTTP/1.1" 200 10292
::1 - - [15/Sep/2022:19:29:47 +0200] "GET /phpmyadmin/js/get_scripts.js.php?scripts[]=tbl_structure.js&scripts[]=gis_data_editor.js HTTP/1.1" 200 15188
::1 - - [15/Sep/2022:19:29:47 +0200] "GET /phpmyadmin/index.php?ajax_request=1&recent_table=1&token=2768d0726630a5b18be7667e30ad0d73 HTTP/1.1" 200 209
::1 - - [15/Sep/2022:19:29:53 +0200] "GET /phpmyadmin/navigation.php?ajax_request=1&token=2768d0726630a5b18be7667e30ad0d73&aPath=cm9vdA%3D%3D.ZGF3Mg%3D%3D&vPath=cm9vdA%3D%3D.ZGF3Mg%3D%3D&pos=0&pos2_name=&pos2_value=&searchClause=&searchClause2=&_nocache=1663262993133126107 HTTP/1.1" 200 1318
::1 - - [15/Sep/2022:19:29:54 +0200] "GET /phpmyadmin/sql.php?server=1&db=daw2&table=alumnos&pos=0&token=2768d0726630a5b18be7667e30ad0d73&ajax_request=true&ajax_page_request=true&menuHashes=1d4fa234-b4283fe4-d87be1d0-9e570cad-d6d86eb8-8683bd30-36e2b51f&_nocache=1663262994850342622 HTTP/1.1" 200 7255
::1 - - [15/Sep/2022:19:29:54 +0200] "GET /phpmyadmin/index.php?ajax_request=1&recent_table=1&token=2768d0726630a5b18be7667e30ad0d73 HTTP/1.1" 200 209
::1 - - [15/Sep/2022:19:29:56 +0200] "GET /phpmyadmin/db_structure.php?server=1&db=daw2&token=2768d0726630a5b18be7667e30ad0d73&ajax_request=true&ajax_page_request=true&menuHashes=1d4fa234-b4283fe4-d87be1d0-9e570cad-d6d86eb8-8683bd30-36e2b51f&_nocache=1663262996665319357 HTTP/1.1" 200 9652
::1 - - [15/Sep/2022:19:30:15 +0200] "GET /phpmyadmin/sql.php?db=daw2&token=2768d0726630a5b18be7667e30ad0d73&goto=db_structure.php&table=alumnos&pos=0&ajax_request=true&ajax_page_request=true&menuHashes=1d4fa234-b4283fe4-d87be1d0-9e570cad-d6d86eb8-8683bd30-36e2b51f&_nocache=166326301521788804 HTTP/1.1" 200 7253
::1 - - [15/Sep/2022:19:30:15 +0200] "GET /phpmyadmin/index.php?ajax_request=1&recent_table=1&token=2768d0726630a5b18be7667e30ad0d73 HTTP/1.1" 200 209
::1 - - [15/Sep/2022:19:30:17 +0200] "GET /phpmyadmin/sql.php?db=daw2&table=alumnos&token=2768d0726630a5b18be7667e30ad0d73&pos=0&ajax_request=true&ajax_page_request=true&menuHashes=1d4fa234-b4283fe4-d87be1d0-9e570cad-d6d86eb8-8683bd30-36e2b51f&_nocache=1663263017826485575 HTTP/1.1" 200 7253
::1 - - [15/Sep/2022:19:30:17 +0200] "GET /phpmyadmin/index.php?ajax_request=1&recent_table=1&token=2768d0726630a5b18be7667e30ad0d73 HTTP/1.1" 200 209
::1 - - [15/Sep/2022:19:30:20 +0200] "GET /phpmyadmin/url.php?url=http%3A%2F%2Fdev.mysql.com%2Fdoc%2Frefman%2F5.6%2Fen%2Fselect.html&token=2768d0726630a5b18be7667e30ad0d73 HTTP/1.1" 302 11316
::1 - - [15/Sep/2022:19:30:24 +0200] "GET /phpmyadmin/tbl_structure.php?db=daw2&table=alumnos&token=2768d0726630a5b18be7667e30ad0d73&ajax_request=true&ajax_page_request=true&menuHashes=1d4fa234-b4283fe4-d87be1d0-9e570cad-d6d86eb8-8683bd30-36e2b51f&_nocache=1663263024753976940 HTTP/1.1" 200 33706
::1 - - [15/Sep/2022:19:30:24 +0200] "GET /phpmyadmin/index.php?ajax_request=1&recent_table=1&token=2768d0726630a5b18be7667e30ad0d73 HTTP/1.1" 200 209
::1 - - [15/Sep/2022:19:43:11 +0200] "GET /phpmyadmin/tbl_sql.php?db=daw2&table=alumnos&token=2768d0726630a5b18be7667e30ad0d73&ajax_request=true&ajax_page_request=true&menuHashes=b4283fe4-d87be1d0-9e570cad-d6d86eb8-8683bd30-36e2b51f-c2712f28&_nocache=1663263791538380557 HTTP/1.1" 200 8317
::1 - - [15/Sep/2022:19:43:11 +0200] "GET /phpmyadmin/js/get_scripts.js.php?scripts[]=makegrid.js&scripts[]=sql.js HTTP/1.1" 200 35099
::1 - - [15/Sep/2022:19:43:11 +0200] "GET /phpmyadmin/index.php?ajax_request=1&recent_table=1&token=2768d0726630a5b18be7667e30ad0d73 HTTP/1.1" 200 209
::1 - - [15/Sep/2022:19:47:49 +0200] "GET /formulario.html? HTTP/1.1" 200 708
::1 - - [15/Sep/2022:19:48:14 +0200] "GET /formulario.html? HTTP/1.1" 200 675
::1 - - [15/Sep/2022:19:48:25 +0200] "GET /datos.php?nombre=qwer&apellido=asdf&edad=23 HTTP/1.1" 200 87
::1 - - [15/Sep/2022:19:50:23 +0200] "GET /phpmyadmin/sql.php?db=daw2&table=alumnos&token=2768d0726630a5b18be7667e30ad0d73&pos=0&ajax_request=true&ajax_page_request=true&menuHashes=d87be1d0-9e570cad-d6d86eb8-8683bd30-36e2b51f-c2712f28-7c136bcd&_nocache=1663264223898979052 HTTP/1.1" 200 7253
::1 - - [15/Sep/2022:19:50:24 +0200] "GET /phpmyadmin/index.php?ajax_request=1&recent_table=1&token=2768d0726630a5b18be7667e30ad0d73 HTTP/1.1" 200 209
::1 - - [15/Sep/2022:19:50:26 +0200] "GET /phpmyadmin/sql.php?server=1&db=daw2&table=alumnos&pos=0&token=2768d0726630a5b18be7667e30ad0d73&ajax_request=true&ajax_page_request=true&menuHashes=d87be1d0-9e570cad-d6d86eb8-8683bd30-36e2b51f-c2712f28-7c136bcd&_nocache=1663264226979998603 HTTP/1.1" 200 7255
::1 - - [15/Sep/2022:19:50:27 +0200] "GET /phpmyadmin/index.php?ajax_request=1&recent_table=1&token=2768d0726630a5b18be7667e30ad0d73 HTTP/1.1" 200 209
::1 - - [15/Sep/2022:19:50:29 +0200] "GET /phpmyadmin/tbl_structure.php?db=daw2&table=alumnos&token=2768d0726630a5b18be7667e30ad0d73&ajax_request=true&ajax_page_request=true&menuHashes=d87be1d0-9e570cad-d6d86eb8-8683bd30-36e2b51f-c2712f28-7c136bcd&_nocache=1663264229034149308 HTTP/1.1" 200 30667
::1 - - [15/Sep/2022:19:50:29 +0200] "GET /phpmyadmin/index.php?ajax_request=1&recent_table=1&token=2768d0726630a5b18be7667e30ad0d73 HTTP/1.1" 200 209
::1 - - [15/Sep/2022:19:50:40 +0200] "GET /phpmyadmin/sql.php?db=daw2&table=alumnos&token=2768d0726630a5b18be7667e30ad0d73&pos=0&ajax_request=true&ajax_page_request=true&menuHashes=d87be1d0-9e570cad-d6d86eb8-8683bd30-36e2b51f-c2712f28-7c136bcd&_nocache=1663264240402300747 HTTP/1.1" 200 7253
::1 - - [15/Sep/2022:19:50:40 +0200] "GET /phpmyadmin/index.php?ajax_request=1&recent_table=1&token=2768d0726630a5b18be7667e30ad0d73 HTTP/1.1" 200 209
::1 - - [15/Sep/2022:19:50:43 +0200] "GET /phpmyadmin/tbl_structure.php?db=daw2&table=alumnos&token=2768d0726630a5b18be7667e30ad0d73&ajax_request=true&ajax_page_request=true&menuHashes=d87be1d0-9e570cad-d6d86eb8-8683bd30-36e2b51f-c2712f28-7c136bcd&_nocache=1663264243994749277 HTTP/1.1" 200 30667
::1 - - [15/Sep/2022:19:50:44 +0200] "GET /phpmyadmin/index.php?ajax_request=1&recent_table=1&token=2768d0726630a5b18be7667e30ad0d73 HTTP/1.1" 200 209
::1 - - [15/Sep/2022:19:50:49 +0200] "GET /phpmyadmin/tbl_sql.php?db=daw2&table=alumnos&token=2768d0726630a5b18be7667e30ad0d73&ajax_request=true&ajax_page_request=true&menuHashes=d87be1d0-9e570cad-d6d86eb8-8683bd30-36e2b51f-c2712f28-7c136bcd&_nocache=16632642490908428 HTTP/1.1" 200 5278
::1 - - [15/Sep/2022:19:50:49 +0200] "GET /phpmyadmin/index.php?ajax_request=1&recent_table=1&token=2768d0726630a5b18be7667e30ad0d73 HTTP/1.1" 200 209
::1 - - [15/Sep/2022:19:50:51 +0200] "GET /phpmyadmin/tbl_select.php?db=daw2&table=alumnos&token=2768d0726630a5b18be7667e30ad0d73&ajax_request=true&ajax_page_request=true&menuHashes=d87be1d0-9e570cad-d6d86eb8-8683bd30-36e2b51f-c2712f28-7c136bcd&_nocache=16632642510425615 HTTP/1.1" 200 13534
::1 - - [15/Sep/2022:19:50:51 +0200] "GET /phpmyadmin/js/get_scripts.js.php?scripts[]=tbl_select.js HTTP/1.1" 200 3440
::1 - - [15/Sep/2022:19:50:51 +0200] "GET /phpmyadmin/index.php?ajax_request=1&recent_table=1&token=2768d0726630a5b18be7667e30ad0d73 HTTP/1.1" 200 209
::1 - - [15/Sep/2022:19:50:52 +0200] "GET /phpmyadmin/tbl_structure.php?db=daw2&table=alumnos&token=2768d0726630a5b18be7667e30ad0d73&ajax_request=true&ajax_page_request=true&menuHashes=9e570cad-d6d86eb8-8683bd30-36e2b51f-c2712f28-7c136bcd-7c4d4724&_nocache=1663264252370300036 HTTP/1.1" 200 30667
::1 - - [15/Sep/2022:19:50:52 +0200] "GET /phpmyadmin/index.php?ajax_request=1&recent_table=1&token=2768d0726630a5b18be7667e30ad0d73 HTTP/1.1" 200 209
::1 - - [15/Sep/2022:19:51:13 +0200] "GET /phpmyadmin/sql.php?db=daw2&table=alumnos&token=2768d0726630a5b18be7667e30ad0d73&pos=0&ajax_request=true&ajax_page_request=true&menuHashes=9e570cad-d6d86eb8-8683bd30-36e2b51f-c2712f28-7c136bcd-7c4d4724&_nocache=1663264273938284150 HTTP/1.1" 200 7253
::1 - - [15/Sep/2022:19:51:14 +0200] "GET /phpmyadmin/index.php?ajax_request=1&recent_table=1&token=2768d0726630a5b18be7667e30ad0d73 HTTP/1.1" 200 209
::1 - - [15/Sep/2022:19:51:16 +0200] "GET /phpmyadmin/tbl_structure.php?db=daw2&table=alumnos&token=2768d0726630a5b18be7667e30ad0d73&ajax_request=true&ajax_page_request=true&menuHashes=9e570cad-d6d86eb8-8683bd30-36e2b51f-c2712f28-7c136bcd-7c4d4724&_nocache=166326427661154601 HTTP/1.1" 200 30667
::1 - - [15/Sep/2022:19:51:16 +0200] "GET /phpmyadmin/index.php?ajax_request=1&recent_table=1&token=2768d0726630a5b18be7667e30ad0d73 HTTP/1.1" 200 209
::1 - - [15/Sep/2022:19:51:18 +0200] "GET /phpmyadmin/sql.php?db=daw2&table=alumnos&token=2768d0726630a5b18be7667e30ad0d73&pos=0&ajax_request=true&ajax_page_request=true&menuHashes=9e570cad-d6d86eb8-8683bd30-36e2b51f-c2712f28-7c136bcd-7c4d4724&_nocache=1663264278026506446 HTTP/1.1" 200 7253
::1 - - [15/Sep/2022:19:51:18 +0200] "GET /phpmyadmin/index.php?ajax_request=1&recent_table=1&token=2768d0726630a5b18be7667e30ad0d73 HTTP/1.1" 200 209
::1 - - [15/Sep/2022:19:51:19 +0200] "GET /phpmyadmin/url.php?url=http%3A%2F%2Fdev.mysql.com%2Fdoc%2Frefman%2F5.6%2Fen%2Fselect.html&token=2768d0726630a5b18be7667e30ad0d73 HTTP/1.1" 302 11316
::1 - - [15/Sep/2022:19:51:24 +0200] "GET /phpmyadmin/sql.php?server=1&db=daw2&table=alumnos&pos=0&token=2768d0726630a5b18be7667e30ad0d73&ajax_request=true&ajax_page_request=true&menuHashes=9e570cad-d6d86eb8-8683bd30-36e2b51f-c2712f28-7c136bcd-7c4d4724&_nocache=166326428429194236 HTTP/1.1" 200 7255
::1 - - [15/Sep/2022:19:51:24 +0200] "GET /phpmyadmin/index.php?ajax_request=1&recent_table=1&token=2768d0726630a5b18be7667e30ad0d73 HTTP/1.1" 200 209
::1 - - [15/Sep/2022:19:51:28 +0200] "GET /phpmyadmin/db_structure.php?server=1&db=daw2&token=2768d0726630a5b18be7667e30ad0d73&ajax_request=true&ajax_page_request=true&menuHashes=9e570cad-d6d86eb8-8683bd30-36e2b51f-c2712f28-7c136bcd-7c4d4724&_nocache=1663264288082675343 HTTP/1.1" 200 12770
::1 - - [15/Sep/2022:19:51:30 +0200] "GET /phpmyadmin/sql.php?db=daw2&token=2768d0726630a5b18be7667e30ad0d73&goto=db_structure.php&table=alumnos&pos=0&ajax_request=true&ajax_page_request=true&menuHashes=d6d86eb8-8683bd30-36e2b51f-c2712f28-7c136bcd-7c4d4724-d87be1d0&_nocache=166326429002661206 HTTP/1.1" 200 7253
::1 - - [15/Sep/2022:19:51:30 +0200] "GET /phpmyadmin/index.php?ajax_request=1&recent_table=1&token=2768d0726630a5b18be7667e30ad0d73 HTTP/1.1" 200 209
::1 - - [15/Sep/2022:19:51:35 +0200] "GET /phpmyadmin/sql.php?db=daw2&table=alumnos&token=2768d0726630a5b18be7667e30ad0d73&pos=0&ajax_request=true&ajax_page_request=true&menuHashes=d6d86eb8-8683bd30-36e2b51f-c2712f28-7c136bcd-7c4d4724-d87be1d0&_nocache=1663264295578193827 HTTP/1.1" 200 7253
::1 - - [15/Sep/2022:19:51:35 +0200] "GET /phpmyadmin/index.php?ajax_request=1&recent_table=1&token=2768d0726630a5b18be7667e30ad0d73 HTTP/1.1" 200 209
::1 - - [15/Sep/2022:19:51:35 +0200] "GET /phpmyadmin/sql.php?db=daw2&table=alumnos&token=2768d0726630a5b18be7667e30ad0d73&pos=0&ajax_request=true&ajax_page_request=true&menuHashes=d6d86eb8-8683bd30-36e2b51f-c2712f28-7c136bcd-7c4d4724-d87be1d0&_nocache=1663264295858195588 HTTP/1.1" 200 7253
::1 - - [15/Sep/2022:19:51:35 +0200] "GET /phpmyadmin/index.php?ajax_request=1&recent_table=1&token=2768d0726630a5b18be7667e30ad0d73 HTTP/1.1" 200 209
::1 - - [15/Sep/2022:19:51:36 +0200] "GET /phpmyadmin/db_structure.php?server=1&db=daw2&token=2768d0726630a5b18be7667e30ad0d73&ajax_request=true&ajax_page_request=true&menuHashes=d6d86eb8-8683bd30-36e2b51f-c2712f28-7c136bcd-7c4d4724-d87be1d0&_nocache=1663264296794434232 HTTP/1.1" 200 9652
::1 - - [15/Sep/2022:19:51:38 +0200] "GET /phpmyadmin/sql.php?db=daw2&token=2768d0726630a5b18be7667e30ad0d73&goto=db_structure.php&table=alumnos&pos=0&ajax_request=true&ajax_page_request=true&menuHashes=d6d86eb8-8683bd30-36e2b51f-c2712f28-7c136bcd-7c4d4724-d87be1d0&_nocache=1663264298402978458 HTTP/1.1" 200 7253
::1 - - [15/Sep/2022:19:51:38 +0200] "GET /phpmyadmin/index.php?ajax_request=1&recent_table=1&token=2768d0726630a5b18be7667e30ad0d73 HTTP/1.1" 200 209
::1 - - [15/Sep/2022:19:51:40 +0200] "GET /phpmyadmin/sql.php?server=1&db=daw2&table=alumnos&pos=0&token=2768d0726630a5b18be7667e30ad0d73&ajax_request=true&ajax_page_request=true&menuHashes=d6d86eb8-8683bd30-36e2b51f-c2712f28-7c136bcd-7c4d4724-d87be1d0&_nocache=1663264300611795688 HTTP/1.1" 200 7255
::1 - - [15/Sep/2022:19:51:40 +0200] "GET /phpmyadmin/index.php?ajax_request=1&recent_table=1&token=2768d0726630a5b18be7667e30ad0d73 HTTP/1.1" 200 209
::1 - - [15/Sep/2022:19:51:54 +0200] "GET /phpmyadmin/index.php?token=2768d0726630a5b18be7667e30ad0d73 HTTP/1.1" 200 48325
::1 - - [15/Sep/2022:19:51:54 +0200] "GET /phpmyadmin/sql.php?db=daw2&table=alumnos&server=1&target=&token=2768d0726630a5b18be7667e30ad0d73 HTTP/1.1" 200 14621
::1 - - [15/Sep/2022:19:51:55 +0200] "GET /phpmyadmin/js/get_scripts.js.php?scripts[]=jquery/jquery-1.8.3.js&scripts[]=ajax.js&scripts[]=keyhandler.js&scripts[]=jquery/jquery-ui-1.9.2.custom.js&scripts[]=jquery/jquery.sprintf.js&scripts[]=jquery/jquery.cookie.js&scripts[]=jquery/jquery.mousewheel.js&scripts[]=jquery/jquery.event.drag-2.2.js&scripts[]=jquery/jquery-ui-timepicker-addon.js&scripts[]=jquery/jquery.ba-hashchange-1.3.js&scripts[]=jquery/jquery.debounce-1.0.5.js&scripts[]=jquery/jquery.menuResizer-1.0.js&scripts[]=rte.js&scripts[]=functions.js&scripts[]=navigation.js&scripts[]=indexes.js&scripts[]=common.js&scripts[]=tbl_change.js&scripts[]=tbl_structure.js&scripts[]=gis_data_editor.js&scripts[]=codemirror/lib/codemirror.js&scripts[]=codemirror/mode/mysql/mysql.js HTTP/1.1" 200 600765
::1 - - [15/Sep/2022:19:51:55 +0200] "GET /phpmyadmin/js/messages.php?lang=es&db=daw2&token=2768d0726630a5b18be7667e30ad0d73 HTTP/1.1" 200 18333
::1 - - [15/Sep/2022:19:51:55 +0200] "GET /phpmyadmin/index.php?ajax_request=1&recent_table=1&token=2768d0726630a5b18be7667e30ad0d73 HTTP/1.1" 200 209
::1 - - [15/Sep/2022:19:52:22 +0200] "GET /phpmyadmin/sql.php?db=daw2&table=alumnos&server=1&target=&token=2768d0726630a5b18be7667e30ad0d73 HTTP/1.1" 200 14621
::1 - - [15/Sep/2022:19:52:22 +0200] "GET /phpmyadmin/index.php?ajax_request=1&recent_table=1&token=2768d0726630a5b18be7667e30ad0d73 HTTP/1.1" 200 209
::1 - - [15/Sep/2022:19:52:34 +0200] "POST /phpmyadmin/sql.php HTTP/1.1" 200 7255
::1 - - [15/Sep/2022:19:52:34 +0200] "GET /phpmyadmin/index.php?ajax_request=1&recent_table=1&token=2768d0726630a5b18be7667e30ad0d73 HTTP/1.1" 200 209
::1 - - [15/Sep/2022:19:52:42 +0200] "GET /phpmyadmin/navigation.php?ajax_request=1&token=2768d0726630a5b18be7667e30ad0d73&aPath=cm9vdA%3D%3D.ZGF3Mg%3D%3D&vPath=cm9vdA%3D%3D.ZGF3Mg%3D%3D&pos=0&pos2_name=&pos2_value=&searchClause=&searchClause2=&_nocache=1663264362005554495 HTTP/1.1" 200 1318
::1 - - [15/Sep/2022:19:52:42 +0200] "GET /phpmyadmin/db_structure.php?server=1&db=daw2&token=2768d0726630a5b18be7667e30ad0d73&ajax_request=true&ajax_page_request=true&menuHashes=36e2b51f&_nocache=1663264362995640405 HTTP/1.1" 200 12770
::1 - - [15/Sep/2022:19:52:43 +0200] "GET /phpmyadmin/js/get_scripts.js.php?scripts[]=db_structure.js HTTP/1.1" 200 5367
::1 - - [15/Sep/2022:19:52:45 +0200] "GET /phpmyadmin/sql.php?db=daw2&token=2768d0726630a5b18be7667e30ad0d73&goto=db_structure.php&table=alumnos&pos=0&ajax_request=true&ajax_page_request=true&menuHashes=36e2b51f-d87be1d0&_nocache=166326436520387230 HTTP/1.1" 200 7253
::1 - - [15/Sep/2022:19:52:45 +0200] "GET /phpmyadmin/index.php?ajax_request=1&recent_table=1&token=2768d0726630a5b18be7667e30ad0d73 HTTP/1.1" 200 209
::1 - - [15/Sep/2022:19:52:48 +0200] "GET /phpmyadmin/sql.php?server=1&db=daw2&table=alumnos&pos=0&token=2768d0726630a5b18be7667e30ad0d73&ajax_request=true&ajax_page_request=true&menuHashes=36e2b51f-d87be1d0&_nocache=1663264368163996087 HTTP/1.1" 200 7255
::1 - - [15/Sep/2022:19:52:48 +0200] "GET /phpmyadmin/index.php?ajax_request=1&recent_table=1&token=2768d0726630a5b18be7667e30ad0d73 HTTP/1.1" 200 209
::1 - - [15/Sep/2022:19:52:49 +0200] "GET /phpmyadmin/sql.php?server=1&db=daw2&table=alumnos&pos=0&token=2768d0726630a5b18be7667e30ad0d73&ajax_request=true&ajax_page_request=true&menuHashes=36e2b51f-d87be1d0&_nocache=1663264369811448934 HTTP/1.1" 200 7255
::1 - - [15/Sep/2022:19:52:49 +0200] "GET /phpmyadmin/index.php?ajax_request=1&recent_table=1&token=2768d0726630a5b18be7667e30ad0d73 HTTP/1.1" 200 209
::1 - - [15/Sep/2022:19:52:50 +0200] "GET /phpmyadmin/sql.php?server=1&db=daw2&table=alumnos&pos=0&token=2768d0726630a5b18be7667e30ad0d73&ajax_request=true&ajax_page_request=true&menuHashes=36e2b51f-d87be1d0&_nocache=1663264370258937377 HTTP/1.1" 200 7255
::1 - - [15/Sep/2022:19:52:50 +0200] "GET /phpmyadmin/index.php?ajax_request=1&recent_table=1&token=2768d0726630a5b18be7667e30ad0d73 HTTP/1.1" 200 209
::1 - - [15/Sep/2022:19:52:50 +0200] "GET /phpmyadmin/sql.php?server=1&db=daw2&table=alumnos&pos=0&token=2768d0726630a5b18be7667e30ad0d73&ajax_request=true&ajax_page_request=true&menuHashes=36e2b51f-d87be1d0&_nocache=1663264370682519065 HTTP/1.1" 200 7255
::1 - - [15/Sep/2022:19:52:50 +0200] "GET /phpmyadmin/index.php?ajax_request=1&recent_table=1&token=2768d0726630a5b18be7667e30ad0d73 HTTP/1.1" 200 209
::1 - - [15/Sep/2022:19:52:51 +0200] "GET /phpmyadmin/sql.php?server=1&db=daw2&table=alumnos&pos=0&token=2768d0726630a5b18be7667e30ad0d73&ajax_request=true&ajax_page_request=true&menuHashes=36e2b51f-d87be1d0&_nocache=1663264371050502302 HTTP/1.1" 200 7255
::1 - - [15/Sep/2022:19:52:51 +0200] "GET /phpmyadmin/index.php?ajax_request=1&recent_table=1&token=2768d0726630a5b18be7667e30ad0d73 HTTP/1.1" 200 209
::1 - - [15/Sep/2022:19:52:51 +0200] "GET /phpmyadmin/sql.php?server=1&db=daw2&table=alumnos&pos=0&token=2768d0726630a5b18be7667e30ad0d73&ajax_request=true&ajax_page_request=true&menuHashes=36e2b51f-d87be1d0&_nocache=1663264371458283617 HTTP/1.1" 200 7255
::1 - - [15/Sep/2022:19:52:51 +0200] "GET /phpmyadmin/index.php?ajax_request=1&recent_table=1&token=2768d0726630a5b18be7667e30ad0d73 HTTP/1.1" 200 209
::1 - - [15/Sep/2022:19:52:51 +0200] "GET /phpmyadmin/sql.php?server=1&db=daw2&table=alumnos&pos=0&token=2768d0726630a5b18be7667e30ad0d73&ajax_request=true&ajax_page_request=true&menuHashes=36e2b51f-d87be1d0&_nocache=1663264371898956366 HTTP/1.1" 200 7255
::1 - - [15/Sep/2022:19:52:52 +0200] "GET /phpmyadmin/index.php?ajax_request=1&recent_table=1&token=2768d0726630a5b18be7667e30ad0d73 HTTP/1.1" 200 209
::1 - - [15/Sep/2022:19:52:57 +0200] "GET /phpmyadmin/tbl_sql.php?db=daw2&table=alumnos&token=2768d0726630a5b18be7667e30ad0d73&ajax_request=true&ajax_page_request=true&menuHashes=36e2b51f-d87be1d0&_nocache=1663264377122733481 HTTP/1.1" 200 8317
::1 - - [15/Sep/2022:19:52:57 +0200] "GET /phpmyadmin/index.php?ajax_request=1&recent_table=1&token=2768d0726630a5b18be7667e30ad0d73 HTTP/1.1" 200 209
::1 - - [15/Sep/2022:19:53:07 +0200] "POST /phpmyadmin/import.php HTTP/1.1" 200 3162
::1 - - [15/Sep/2022:19:53:11 +0200] "GET /phpmyadmin/tbl_sql.php?db=daw2&table=alumnos&token=2768d0726630a5b18be7667e30ad0d73&ajax_request=true&ajax_page_request=true&menuHashes=36e2b51f-d87be1d0-7c136bcd&_nocache=1663264391458961743 HTTP/1.1" 200 5278
::1 - - [15/Sep/2022:19:53:11 +0200] "GET /phpmyadmin/index.php?ajax_request=1&recent_table=1&token=2768d0726630a5b18be7667e30ad0d73 HTTP/1.1" 200 209
::1 - - [15/Sep/2022:19:53:22 +0200] "POST /phpmyadmin/import.php HTTP/1.1" 200 2978
::1 - - [15/Sep/2022:19:53:31 +0200] "POST /phpmyadmin/import.php HTTP/1.1" 200 2978
::1 - - [15/Sep/2022:19:53:43 +0200] "GET /phpmyadmin/tbl_select.php?db=daw2&table=alumnos&token=2768d0726630a5b18be7667e30ad0d73&ajax_request=true&ajax_page_request=true&menuHashes=36e2b51f-d87be1d0-7c136bcd&_nocache=1663264423153896048 HTTP/1.1" 200 13534
::1 - - [15/Sep/2022:19:53:43 +0200] "GET /phpmyadmin/index.php?ajax_request=1&recent_table=1&token=2768d0726630a5b18be7667e30ad0d73 HTTP/1.1" 200 209
::1 - - [15/Sep/2022:19:53:46 +0200] "GET /phpmyadmin/tbl_change.php?db=daw2&table=alumnos&token=2768d0726630a5b18be7667e30ad0d73&ajax_request=true&ajax_page_request=true&menuHashes=36e2b51f-d87be1d0-7c136bcd-7c4d4724&_nocache=1663264426154833119 HTTP/1.1" 200 37609
::1 - - [15/Sep/2022:19:53:46 +0200] "GET /phpmyadmin/index.php?ajax_request=1&recent_table=1&token=2768d0726630a5b18be7667e30ad0d73 HTTP/1.1" 200 209
::1 - - [15/Sep/2022:19:53:47 +0200] "GET /phpmyadmin/tbl_export.php?db=daw2&table=alumnos&token=2768d0726630a5b18be7667e30ad0d73&single_table=true&ajax_request=true&ajax_page_request=true&menuHashes=36e2b51f-d87be1d0-7c136bcd-7c4d4724-1570a9eb&_nocache=1663264427394176633 HTTP/1.1" 200 37157
::1 - - [15/Sep/2022:19:53:48 +0200] "GET /phpmyadmin/js/get_scripts.js.php?scripts[]=export.js HTTP/1.1" 200 5954
::1 - - [15/Sep/2022:19:53:48 +0200] "GET /phpmyadmin/index.php?ajax_request=1&recent_table=1&token=2768d0726630a5b18be7667e30ad0d73 HTTP/1.1" 200 209
::1 - - [15/Sep/2022:19:53:49 +0200] "GET /phpmyadmin/tbl_structure.php?db=daw2&table=alumnos&token=2768d0726630a5b18be7667e30ad0d73&ajax_request=true&ajax_page_request=true&menuHashes=36e2b51f-d87be1d0-7c136bcd-7c4d4724-1570a9eb-7fd77286&_nocache=1663264429105154503 HTTP/1.1" 200 33706
::1 - - [15/Sep/2022:19:53:49 +0200] "GET /phpmyadmin/index.php?ajax_request=1&recent_table=1&token=2768d0726630a5b18be7667e30ad0d73 HTTP/1.1" 200 209
::1 - - [15/Sep/2022:19:54:16 +0200] "GET /phpmyadmin/tbl_relation.php?db=daw2&table=alumnos&token=2768d0726630a5b18be7667e30ad0d73&goto=tbl_structure.php&back=tbl_structure.php&ajax_request=true&ajax_page_request=true&menuHashes=36e2b51f-d87be1d0-7c136bcd-7c4d4724-1570a9eb-7fd77286-c2712f28&_nocache=1663264456274236338 HTTP/1.1" 200 10084
::1 - - [15/Sep/2022:19:54:16 +0200] "GET /phpmyadmin/js/get_scripts.js.php?scripts[]=tbl_relation.js HTTP/1.1" 200 453
::1 - - [15/Sep/2022:19:54:16 +0200] "GET /phpmyadmin/index.php?ajax_request=1&recent_table=1&token=2768d0726630a5b18be7667e30ad0d73 HTTP/1.1" 200 209
::1 - - [15/Sep/2022:19:54:21 +0200] "GET /phpmyadmin/sql.php?db=daw2&table=alumnos&token=2768d0726630a5b18be7667e30ad0d73&pos=0&ajax_request=true&ajax_page_request=true&menuHashes=d87be1d0-7c136bcd-7c4d4724-1570a9eb-7fd77286-c2712f28-9e570cad&_nocache=1663264461554214187 HTTP/1.1" 200 10292
::1 - - [15/Sep/2022:19:54:21 +0200] "GET /phpmyadmin/index.php?ajax_request=1&recent_table=1&token=2768d0726630a5b18be7667e30ad0d73 HTTP/1.1" 200 209
::1 - - [15/Sep/2022:19:54:40 +0200] "GET /datos.php?nombre=qwer&apellido=asdf&edad=23 HTTP/1.1" 200 87
::1 - - [15/Sep/2022:19:54:45 +0200] "GET /phpmyadmin/sql.php?db=daw2&table=alumnos&server=1&target=&token=2768d0726630a5b18be7667e30ad0d73 HTTP/1.1" 200 14621
::1 - - [15/Sep/2022:19:54:46 +0200] "GET /phpmyadmin/sql.php?db=daw2&table=alumnos&server=1&target=&token=2768d0726630a5b18be7667e30ad0d73 HTTP/1.1" 200 14621
::1 - - [15/Sep/2022:19:54:46 +0200] "GET /phpmyadmin/index.php?ajax_request=1&recent_table=1&token=2768d0726630a5b18be7667e30ad0d73 HTTP/1.1" 200 209
::1 - - [15/Sep/2022:19:54:48 +0200] "GET /phpmyadmin/sql.php?db=daw2&table=alumnos&token=2768d0726630a5b18be7667e30ad0d73&pos=0&ajax_request=true&ajax_page_request=true&menuHashes=36e2b51f&_nocache=1663264488000465745 HTTP/1.1" 200 7253
::1 - - [15/Sep/2022:19:54:48 +0200] "GET /phpmyadmin/index.php?ajax_request=1&recent_table=1&token=2768d0726630a5b18be7667e30ad0d73 HTTP/1.1" 200 209
::1 - - [15/Sep/2022:19:54:49 +0200] "GET /phpmyadmin/db_structure.php?server=1&db=test&token=2768d0726630a5b18be7667e30ad0d73&ajax_request=true&ajax_page_request=true&menuHashes=36e2b51f&_nocache=1663264489187197598 HTTP/1.1" 200 5571
::1 - - [15/Sep/2022:19:54:50 +0200] "GET /phpmyadmin/db_structure.php?server=1&db=daw2&token=2768d0726630a5b18be7667e30ad0d73&ajax_request=true&ajax_page_request=true&menuHashes=36e2b51f-eb48fa7d&_nocache=1663264490027426782 HTTP/1.1" 200 12770
::1 - - [15/Sep/2022:19:54:52 +0200] "GET /phpmyadmin/sql.php?db=daw2&token=2768d0726630a5b18be7667e30ad0d73&goto=db_structure.php&table=alumnos&pos=0&ajax_request=true&ajax_page_request=true&menuHashes=36e2b51f-eb48fa7d-d87be1d0&_nocache=166326449206795855 HTTP/1.1" 200 7253
::1 - - [15/Sep/2022:19:54:52 +0200] "GET /phpmyadmin/index.php?ajax_request=1&recent_table=1&token=2768d0726630a5b18be7667e30ad0d73 HTTP/1.1" 200 209
::1 - - [15/Sep/2022:19:55:19 +0200] "GET /datos.php?nombre=qwer&apellido=asdf&edad=23 HTTP/1.1" 200 87
::1 - - [15/Sep/2022:19:55:20 +0200] "GET /phpmyadmin/sql.php?db=daw2&table=alumnos&server=1&target=&token=2768d0726630a5b18be7667e30ad0d73 HTTP/1.1" 200 14621
::1 - - [15/Sep/2022:19:55:21 +0200] "GET /phpmyadmin/sql.php?db=daw2&table=alumnos&server=1&target=&token=2768d0726630a5b18be7667e30ad0d73 HTTP/1.1" 200 14621
::1 - - [15/Sep/2022:19:55:21 +0200] "GET /phpmyadmin/index.php?ajax_request=1&recent_table=1&token=2768d0726630a5b18be7667e30ad0d73 HTTP/1.1" 200 209
::1 - - [15/Sep/2022:19:55:22 +0200] "GET /phpmyadmin/sql.php?db=daw2&table=alumnos&token=2768d0726630a5b18be7667e30ad0d73&pos=0&ajax_request=true&ajax_page_request=true&menuHashes=36e2b51f&_nocache=1663264522294314282 HTTP/1.1" 200 7253
::1 - - [15/Sep/2022:19:55:22 +0200] "GET /phpmyadmin/index.php?ajax_request=1&recent_table=1&token=2768d0726630a5b18be7667e30ad0d73 HTTP/1.1" 200 209
::1 - - [15/Sep/2022:19:55:23 +0200] "GET /phpmyadmin/db_structure.php?server=1&db=daw2&token=2768d0726630a5b18be7667e30ad0d73&ajax_request=true&ajax_page_request=true&menuHashes=36e2b51f&_nocache=1663264523435279537 HTTP/1.1" 200 12770
::1 - - [15/Sep/2022:19:55:24 +0200] "GET /phpmyadmin/navigation.php?ajax_request=1&token=2768d0726630a5b18be7667e30ad0d73&aPath=cm9vdA%3D%3D.ZGF3Mg%3D%3D&vPath=cm9vdA%3D%3D.ZGF3Mg%3D%3D&pos=0&pos2_name=&pos2_value=&searchClause=&searchClause2=&_nocache=1663264524483519402 HTTP/1.1" 200 1318
::1 - - [15/Sep/2022:19:55:25 +0200] "GET /phpmyadmin/sql.php?server=1&db=daw2&table=alumnos&pos=0&token=2768d0726630a5b18be7667e30ad0d73&ajax_request=true&ajax_page_request=true&menuHashes=36e2b51f-d87be1d0&_nocache=1663264525445333021 HTTP/1.1" 200 7255
::1 - - [15/Sep/2022:19:55:25 +0200] "GET /phpmyadmin/index.php?ajax_request=1&recent_table=1&token=2768d0726630a5b18be7667e30ad0d73 HTTP/1.1" 200 209
::1 - - [15/Sep/2022:19:55:54 +0200] "GET /datos.php?nombre=qwer&apellido=asdf&edad=23 HTTP/1.1" 200 87
::1 - - [15/Sep/2022:19:57:21 +0200] "GET /datos.php?nombre=qwer&apellido=asdf&edad=23 HTTP/1.1" 200 87
::1 - - [15/Sep/2022:19:57:25 +0200] "GET /formulario.html? HTTP/1.1" 304 -
::1 - - [15/Sep/2022:19:57:27 +0200] "GET /datos.php?nombre=&apellido=&edad= HTTP/1.1" 200 77
::1 - - [15/Sep/2022:19:57:34 +0200] "GET /datos.php?nombre=u&apellido=j&edad=578 HTTP/1.1" 200 82
::1 - - [15/Sep/2022:19:57:36 +0200] "GET /phpmyadmin/sql.php?db=daw2&table=alumnos&server=1&target=&token=2768d0726630a5b18be7667e30ad0d73 HTTP/1.1" 200 14621
::1 - - [15/Sep/2022:19:57:37 +0200] "GET /phpmyadmin/sql.php?db=daw2&table=alumnos&server=1&target=&token=2768d0726630a5b18be7667e30ad0d73 HTTP/1.1" 200 14621
::1 - - [15/Sep/2022:19:57:37 +0200] "GET /phpmyadmin/index.php?ajax_request=1&recent_table=1&token=2768d0726630a5b18be7667e30ad0d73 HTTP/1.1" 200 209
::1 - - [15/Sep/2022:19:57:41 +0200] "GET /phpmyadmin/navigation.php?ajax_request=1&token=2768d0726630a5b18be7667e30ad0d73&aPath=cm9vdA%3D%3D.ZGF3Mg%3D%3D&vPath=cm9vdA%3D%3D.ZGF3Mg%3D%3D&pos=0&pos2_name=&pos2_value=&searchClause=&searchClause2=&_nocache=1663264661230372152 HTTP/1.1" 200 1318
::1 - - [15/Sep/2022:19:57:42 +0200] "GET /phpmyadmin/sql.php?server=1&db=daw2&table=alumnos&pos=0&token=2768d0726630a5b18be7667e30ad0d73&ajax_request=true&ajax_page_request=true&menuHashes=36e2b51f&_nocache=1663264662269536645 HTTP/1.1" 200 7255
::1 - - [15/Sep/2022:19:57:42 +0200] "GET /phpmyadmin/index.php?ajax_request=1&recent_table=1&token=2768d0726630a5b18be7667e30ad0d73 HTTP/1.1" 200 209
::1 - - [15/Sep/2022:19:57:49 +0200] "GET /phpmyadmin/tbl_structure.php?db=daw2&table=alumnos&token=2768d0726630a5b18be7667e30ad0d73&ajax_request=true&ajax_page_request=true&menuHashes=36e2b51f&_nocache=1663264669963554354 HTTP/1.1" 200 33706
::1 - - [15/Sep/2022:19:57:50 +0200] "GET /phpmyadmin/index.php?ajax_request=1&recent_table=1&token=2768d0726630a5b18be7667e30ad0d73 HTTP/1.1" 200 209
::1 - - [15/Sep/2022:19:57:52 +0200] "GET /phpmyadmin/sql.php?server=1&db=daw2&table=alumnos&pos=0&token=2768d0726630a5b18be7667e30ad0d73&ajax_request=true&ajax_page_request=true&menuHashes=36e2b51f-c2712f28&_nocache=1663264672891624262 HTTP/1.1" 200 7255
::1 - - [15/Sep/2022:19:57:53 +0200] "GET /phpmyadmin/index.php?ajax_request=1&recent_table=1&token=2768d0726630a5b18be7667e30ad0d73 HTTP/1.1" 200 209
::1 - - [15/Sep/2022:19:57:58 +0200] "POST /phpmyadmin/sql.php HTTP/1.1" 302 7432
::1 - - [15/Sep/2022:19:57:58 +0200] "GET /phpmyadmin/tbl_structure.php?db=daw2&table=alumnos&token=2768d0726630a5b18be7667e30ad0d73&sql_query=SELECT+%2A+FROM+%60alumnos%60&message=%3Cimg+src%3D%22themes%2Fdot.gif%22+title%3D%22%22+alt%3D%22%22+class%3D%22icon+ic_s_success%22+%2F%3E+MySQL+ha+devuelto+un+conjunto+de+valores+vac%C3%ADo+%28es+decir%3A+cero+columnas%29.+%28La+consulta+tard%C3%B3+0.0002+seg%29 HTTP/1.1" 200 38456
::1 - - [15/Sep/2022:19:58:01 +0200] "POST /phpmyadmin/sql.php HTTP/1.1" 302 7252
::1 - - [15/Sep/2022:19:58:01 +0200] "GET /phpmyadmin/tbl_structure.php?db=daw2&table=alumnos&token=2768d0726630a5b18be7667e30ad0d73&sql_query=SELECT+%2A+FROM+%60alumnos%60&message=%3Cimg+src%3D%22themes%2Fdot.gif%22+title%3D%22%22+alt%3D%22%22+class%3D%22icon+ic_s_success%22+%2F%3E+MySQL+ha+devuelto+un+conjunto+de+valores+vac%C3%ADo+%28es+decir%3A+cero+columnas%29.+%28La+consulta+tard%C3%B3+0.0002+seg%29 HTTP/1.1" 200 37999
::1 - - [15/Sep/2022:19:58:04 +0200] "GET /phpmyadmin/import.php?db=daw2&table=alumnos&sql_query=SELECT+%2A+FROM+%60alumnos%60&show_query=1&token=2768d0726630a5b18be7667e30ad0d73&ajax_request=true&ajax_page_request=true&menuHashes=36e2b51f-c2712f28&_nocache=1663264684691384076 HTTP/1.1" 200 36189
::1 - - [15/Sep/2022:19:58:04 +0200] "GET /phpmyadmin/index.php?ajax_request=1&recent_table=1&token=2768d0726630a5b18be7667e30ad0d73 HTTP/1.1" 200 209
::1 - - [15/Sep/2022:19:58:08 +0200] "GET /phpmyadmin/sql.php?db=daw2&table=alumnos&token=2768d0726630a5b18be7667e30ad0d73&pos=0&ajax_request=true&ajax_page_request=true&menuHashes=36e2b51f-c2712f28&_nocache=1663264688643616012 HTTP/1.1" 200 7253
::1 - - [15/Sep/2022:19:58:08 +0200] "GET /phpmyadmin/index.php?ajax_request=1&recent_table=1&token=2768d0726630a5b18be7667e30ad0d73 HTTP/1.1" 200 209
::1 - - [15/Sep/2022:20:01:44 +0200] "GET /phpmyadmin/tbl_structure.php?db=daw2&table=alumnos&token=2768d0726630a5b18be7667e30ad0d73&ajax_request=true&ajax_page_request=true&menuHashes=36e2b51f-c2712f28&_nocache=1663264904506798217 HTTP/1.1" 200 30667
::1 - - [15/Sep/2022:20:01:44 +0200] "GET /phpmyadmin/index.php?ajax_request=1&recent_table=1&token=2768d0726630a5b18be7667e30ad0d73 HTTP/1.1" 200 209
::1 - - [15/Sep/2022:20:04:00 +0200] "GET /datos.php?nombre=u&apellido=j&edad=578 HTTP/1.1" 200 82
::1 - - [15/Sep/2022:20:04:04 +0200] "GET /phpmyadmin/sql.php?db=daw2&table=alumnos&token=2768d0726630a5b18be7667e30ad0d73&pos=0&ajax_request=true&ajax_page_request=true&menuHashes=36e2b51f-c2712f28&_nocache=1663265044291556555 HTTP/1.1" 200 7253
::1 - - [15/Sep/2022:20:04:04 +0200] "GET /phpmyadmin/index.php?ajax_request=1&recent_table=1&token=2768d0726630a5b18be7667e30ad0d73 HTTP/1.1" 200 209
::1 - - [15/Sep/2022:20:04:05 +0200] "GET /phpmyadmin/sql.php?server=1&db=daw2&table=alumnos&pos=0&token=2768d0726630a5b18be7667e30ad0d73&ajax_request=true&ajax_page_request=true&menuHashes=36e2b51f-c2712f28&_nocache=1663265045043387834 HTTP/1.1" 200 7255
::1 - - [15/Sep/2022:20:04:05 +0200] "GET /phpmyadmin/index.php?ajax_request=1&recent_table=1&token=2768d0726630a5b18be7667e30ad0d73 HTTP/1.1" 200 209
::1 - - [15/Sep/2022:20:05:29 +0200] "GET /formulario.html? HTTP/1.1" 304 -
::1 - - [15/Sep/2022:20:05:33 +0200] "GET /datos.php?nombre=FGH&apellido=HFJ&edad=678 HTTP/1.1" 200 175
::1 - - [15/Sep/2022:20:06:04 +0200] "GET /formulario.html? HTTP/1.1" 304 -
::1 - - [15/Sep/2022:20:06:07 +0200] "GET /datos.php?nombre=DFH&apellido=SFGH&edad=223 HTTP/1.1" 200 87
::1 - - [15/Sep/2022:20:06:14 +0200] "GET /phpmyadmin/sql.php?db=daw2&table=alumnos&token=2768d0726630a5b18be7667e30ad0d73&pos=0&ajax_request=true&ajax_page_request=true&menuHashes=36e2b51f-c2712f28&_nocache=1663265174507436005 HTTP/1.1" 200 7253
::1 - - [15/Sep/2022:20:06:14 +0200] "GET /phpmyadmin/index.php?ajax_request=1&recent_table=1&token=2768d0726630a5b18be7667e30ad0d73 HTTP/1.1" 200 209
::1 - - [15/Sep/2022:20:06:21 +0200] "GET /phpmyadmin/sql.php?server=1&db=daw2&table=alumnos&pos=0&token=2768d0726630a5b18be7667e30ad0d73&ajax_request=true&ajax_page_request=true&menuHashes=36e2b51f-c2712f28&_nocache=1663265181379313890 HTTP/1.1" 200 7255
::1 - - [15/Sep/2022:20:06:21 +0200] "GET /phpmyadmin/index.php?ajax_request=1&recent_table=1&token=2768d0726630a5b18be7667e30ad0d73 HTTP/1.1" 200 209
::1 - - [15/Sep/2022:20:06:22 +0200] "GET /phpmyadmin/sql.php?db=daw2&table=alumnos&token=2768d0726630a5b18be7667e30ad0d73&pos=0&ajax_request=true&ajax_page_request=true&menuHashes=36e2b51f-c2712f28&_nocache=1663265182411747609 HTTP/1.1" 200 7253
::1 - - [15/Sep/2022:20:06:22 +0200] "GET /phpmyadmin/index.php?ajax_request=1&recent_table=1&token=2768d0726630a5b18be7667e30ad0d73 HTTP/1.1" 200 209
::1 - - [15/Sep/2022:20:16:11 +0200] "GET /formulario.html? HTTP/1.1" 304 -
::1 - - [15/Sep/2022:20:16:15 +0200] "GET /datos.php?nombre=cvb&apellido=cvb&edad=44 HTTP/1.1" 200 435
::1 - - [15/Sep/2022:20:18:58 +0200] "GET /formulario.html? HTTP/1.1" 200 675
::1 - - [15/Sep/2022:20:19:00 +0200] "GET /datos.php?nombre=fgh&apellido=fgh&edad=456 HTTP/1.1" 200 521
