2022-09-15 18:51:07 1424 [Note] Plugin 'FEDERATED' is disabled.
2022-09-15 18:51:07 1424 [Note] InnoDB: The InnoDB memory heap is disabled
2022-09-15 18:51:07 1424 [Note] InnoDB: Mutexes and rw_locks use Windows interlocked functions
2022-09-15 18:51:07 1424 [Note] InnoDB: Compressed tables use zlib 1.2.3
2022-09-15 18:51:07 1424 [Note] InnoDB: Not using CPU crc32 instructions
2022-09-15 18:51:07 1424 [Note] InnoDB: Initializing buffer pool, size = 128.0M
2022-09-15 18:51:07 1424 [Note] InnoDB: Completed initialization of buffer pool
2022-09-15 18:51:07 1424 [Note] InnoDB: Setting log file D:\DAW2\ArizaDAW2\USBWebServer\mysql\data\ib_logfile101 size to 5 MB
2022-09-15 18:51:07 1424 [Note] InnoDB: Setting log file D:\DAW2\ArizaDAW2\USBWebServer\mysql\data\ib_logfile1 size to 5 MB
2022-09-15 18:51:07 1424 [Note] InnoDB: Renaming log file D:\DAW2\ArizaDAW2\USBWebServer\mysql\data\ib_logfile101 to D:\DAW2\ArizaDAW2\USBWebServer\mysql\data\ib_logfile0
2022-09-15 18:51:07 1424 [Warning] InnoDB: New log files created, LSN=1626134
2022-09-15 18:51:07 1424 [Note] InnoDB: Highest supported file format is Barracuda.
2022-09-15 18:51:07 1424 [Note] InnoDB: 128 rollback segment(s) are active.
2022-09-15 18:51:07 1424 [Note] InnoDB: Waiting for purge to start
2022-09-15 18:51:07 1424 [Note] InnoDB: 5.6.13 started; log sequence number 1626636
2022-09-15 18:51:07 1424 [Warning] No existing UUID has been found, so we assume that this is the first time that this server has been started. Generating a new UUID: 981454c5-3516-11ed-925e-408d5cbcccb9.
2022-09-15 18:51:07 1424 [Note] Server hostname (bind-address): '*'; port: 3307
2022-09-15 18:51:07 1424 [Note] IPv6 is available.
2022-09-15 18:51:07 1424 [Note]   - '::' resolves to '::';
2022-09-15 18:51:07 1424 [Note] Server socket created on IP: '::'.
2022-09-15 18:52:43 8280 [Note] Plugin 'FEDERATED' is disabled.
2022-09-15 18:52:43 8280 [Note] InnoDB: The InnoDB memory heap is disabled
2022-09-15 18:52:43 8280 [Note] InnoDB: Mutexes and rw_locks use Windows interlocked functions
2022-09-15 18:52:43 8280 [Note] InnoDB: Compressed tables use zlib 1.2.3
2022-09-15 18:52:43 8280 [Note] InnoDB: Not using CPU crc32 instructions
2022-09-15 18:52:43 8280 [Note] InnoDB: Initializing buffer pool, size = 128.0M
2022-09-15 18:52:43 8280 [Note] InnoDB: Completed initialization of buffer pool
2022-09-15 18:52:43 8280 [Note] InnoDB: Highest supported file format is Barracuda.
2022-09-15 18:52:43 8280 [Note] InnoDB: The log sequence numbers 1626134 and 1626134 in ibdata files do not match the log sequence number 1626646 in the ib_logfiles!
2022-09-15 18:52:43 8280 [Note] InnoDB: Database was not shutdown normally!
2022-09-15 18:52:43 8280 [Note] InnoDB: Starting crash recovery.
2022-09-15 18:52:43 8280 [Note] InnoDB: Reading tablespace information from the .ibd files...
2022-09-15 18:52:43 8280 [Note] InnoDB: Restoring possible half-written data pages 
2022-09-15 18:52:43 8280 [Note] InnoDB: from the doublewrite buffer...
2022-09-15 18:52:43 8280 [Note] InnoDB: 128 rollback segment(s) are active.
2022-09-15 18:52:43 8280 [Note] InnoDB: Waiting for purge to start
2022-09-15 18:52:43 8280 [Note] InnoDB: 5.6.13 started; log sequence number 1626646
2022-09-15 18:52:43 8280 [Note] Server hostname (bind-address): '*'; port: 3306
2022-09-15 18:52:43 8280 [Note] IPv6 is available.
2022-09-15 18:52:43 8280 [Note]   - '::' resolves to '::';
2022-09-15 18:52:43 8280 [Note] Server socket created on IP: '::'.
2022-09-15 18:52:49 9628 [Note] Plugin 'FEDERATED' is disabled.
2022-09-15 18:52:49 9628 [Note] InnoDB: The InnoDB memory heap is disabled
2022-09-15 18:52:49 9628 [Note] InnoDB: Mutexes and rw_locks use Windows interlocked functions
2022-09-15 18:52:49 9628 [Note] InnoDB: Compressed tables use zlib 1.2.3
2022-09-15 18:52:49 9628 [Note] InnoDB: Not using CPU crc32 instructions
2022-09-15 18:52:49 9628 [Note] InnoDB: Initializing buffer pool, size = 128.0M
2022-09-15 18:52:49 9628 [Note] InnoDB: Completed initialization of buffer pool
2022-09-15 18:52:49 9628 [Note] InnoDB: Highest supported file format is Barracuda.
2022-09-15 18:52:49 9628 [Note] InnoDB: The log sequence numbers 1626134 and 1626134 in ibdata files do not match the log sequence number 1626656 in the ib_logfiles!
2022-09-15 18:52:49 9628 [Note] InnoDB: Database was not shutdown normally!
2022-09-15 18:52:49 9628 [Note] InnoDB: Starting crash recovery.
2022-09-15 18:52:49 9628 [Note] InnoDB: Reading tablespace information from the .ibd files...
2022-09-15 18:52:49 9628 [Note] InnoDB: Restoring possible half-written data pages 
2022-09-15 18:52:49 9628 [Note] InnoDB: from the doublewrite buffer...
2022-09-15 18:52:50 9628 [Note] InnoDB: 128 rollback segment(s) are active.
2022-09-15 18:52:50 9628 [Note] InnoDB: Waiting for purge to start
2022-09-15 18:52:50 9628 [Note] InnoDB: 5.6.13 started; log sequence number 1626656
2022-09-15 18:52:50 9628 [Note] Server hostname (bind-address): '*'; port: 3306
2022-09-15 18:52:50 9628 [Note] IPv6 is available.
2022-09-15 18:52:50 9628 [Note]   - '::' resolves to '::';
2022-09-15 18:52:50 9628 [Note] Server socket created on IP: '::'.
