2022-11-25 16:41:09 3840 [Note] Plugin 'FEDERATED' is disabled.
2022-11-25 16:41:09 3840 [Note] InnoDB: The InnoDB memory heap is disabled
2022-11-25 16:41:09 3840 [Note] InnoDB: Mutexes and rw_locks use Windows interlocked functions
2022-11-25 16:41:09 3840 [Note] InnoDB: Compressed tables use zlib 1.2.3
2022-11-25 16:41:09 3840 [Note] InnoDB: Not using CPU crc32 instructions
2022-11-25 16:41:09 3840 [Note] InnoDB: Initializing buffer pool, size = 128.0M
2022-11-25 16:41:09 3840 [Note] InnoDB: Completed initialization of buffer pool
2022-11-25 16:41:09 3840 [Note] InnoDB: Highest supported file format is Barracuda.
2022-11-25 16:41:09 3840 [Note] InnoDB: The log sequence numbers 1626134 and 1626134 in ibdata files do not match the log sequence number 1633913 in the ib_logfiles!
2022-11-25 16:41:09 3840 [Note] InnoDB: Database was not shutdown normally!
2022-11-25 16:41:09 3840 [Note] InnoDB: Starting crash recovery.
2022-11-25 16:41:09 3840 [Note] InnoDB: Reading tablespace information from the .ibd files...
2022-11-25 16:41:09 3840 [Note] InnoDB: Restoring possible half-written data pages 
2022-11-25 16:41:09 3840 [Note] InnoDB: from the doublewrite buffer...
2022-11-25 16:41:09 3840 [Note] InnoDB: 128 rollback segment(s) are active.
2022-11-25 16:41:09 3840 [Note] InnoDB: Waiting for purge to start
2022-11-25 16:41:09 3840 [Note] InnoDB: 5.6.13 started; log sequence number 1633913
2022-11-25 16:41:09 3840 [Note] Server hostname (bind-address): '*'; port: 3306
2022-11-25 16:41:09 3840 [Note] IPv6 is available.
2022-11-25 16:41:09 3840 [Note]   - '::' resolves to '::';
2022-11-25 16:41:09 3840 [Note] Server socket created on IP: '::'.
2022-11-25 16:41:09 3840 [ERROR] Can't start server: Bind on TCP/IP port: No such file or directory
2022-11-25 16:41:09 3840 [ERROR] Do you already have another mysqld server running on port: 3306 ?
2022-11-25 16:41:09 3840 [ERROR] Aborting

2022-11-25 16:41:09 3840 [Note] Binlog end
2022-11-25 16:41:09 3840 [Note] Shutting down plugin 'partition'
2022-11-25 16:41:09 3840 [Note] Shutting down plugin 'PERFORMANCE_SCHEMA'
2022-11-25 16:41:09 3840 [Note] Shutting down plugin 'INNODB_SYS_DATAFILES'
2022-11-25 16:41:09 3840 [Note] Shutting down plugin 'INNODB_SYS_TABLESPACES'
2022-11-25 16:41:09 3840 [Note] Shutting down plugin 'INNODB_SYS_FOREIGN_COLS'
2022-11-25 16:41:09 3840 [Note] Shutting down plugin 'INNODB_SYS_FOREIGN'
2022-11-25 16:41:09 3840 [Note] Shutting down plugin 'INNODB_SYS_FIELDS'
2022-11-25 16:41:09 3840 [Note] Shutting down plugin 'INNODB_SYS_COLUMNS'
2022-11-25 16:41:09 3840 [Note] Shutting down plugin 'INNODB_SYS_INDEXES'
2022-11-25 16:41:09 3840 [Note] Shutting down plugin 'INNODB_SYS_TABLESTATS'
2022-11-25 16:41:09 3840 [Note] Shutting down plugin 'INNODB_SYS_TABLES'
2022-11-25 16:41:09 3840 [Note] Shutting down plugin 'INNODB_FT_INDEX_TABLE'
2022-11-25 16:41:09 3840 [Note] Shutting down plugin 'INNODB_FT_INDEX_CACHE'
2022-11-25 16:41:09 3840 [Note] Shutting down plugin 'INNODB_FT_CONFIG'
2022-11-25 16:41:09 3840 [Note] Shutting down plugin 'INNODB_FT_BEING_DELETED'
2022-11-25 16:41:09 3840 [Note] Shutting down plugin 'INNODB_FT_DELETED'
2022-11-25 16:41:09 3840 [Note] Shutting down plugin 'INNODB_FT_DEFAULT_STOPWORD'
2022-11-25 16:41:09 3840 [Note] Shutting down plugin 'INNODB_METRICS'
2022-11-25 16:41:09 3840 [Note] Shutting down plugin 'INNODB_BUFFER_POOL_STATS'
2022-11-25 16:41:09 3840 [Note] Shutting down plugin 'INNODB_BUFFER_PAGE_LRU'
2022-11-25 16:41:09 3840 [Note] Shutting down plugin 'INNODB_BUFFER_PAGE'
2022-11-25 16:41:09 3840 [Note] Shutting down plugin 'INNODB_CMP_PER_INDEX_RESET'
2022-11-25 16:41:09 3840 [Note] Shutting down plugin 'INNODB_CMP_PER_INDEX'
2022-11-25 16:41:09 3840 [Note] Shutting down plugin 'INNODB_CMPMEM_RESET'
2022-11-25 16:41:09 3840 [Note] Shutting down plugin 'INNODB_CMPMEM'
2022-11-25 16:41:09 3840 [Note] Shutting down plugin 'INNODB_CMP_RESET'
2022-11-25 16:41:09 3840 [Note] Shutting down plugin 'INNODB_CMP'
2022-11-25 16:41:09 3840 [Note] Shutting down plugin 'INNODB_LOCK_WAITS'
2022-11-25 16:41:09 3840 [Note] Shutting down plugin 'INNODB_LOCKS'
2022-11-25 16:41:09 3840 [Note] Shutting down plugin 'INNODB_TRX'
2022-11-25 16:41:09 3840 [Note] Shutting down plugin 'InnoDB'
2022-11-25 16:41:09 3840 [Note] InnoDB: FTS optimize thread exiting.
2022-11-25 16:41:09 3840 [Note] InnoDB: Starting shutdown...
2022-11-25 16:41:11 3840 [Note] InnoDB: Shutdown completed; log sequence number 1633923
2022-11-25 16:41:11 3840 [Note] Shutting down plugin 'BLACKHOLE'
2022-11-25 16:41:11 3840 [Note] Shutting down plugin 'ARCHIVE'
2022-11-25 16:41:11 3840 [Note] Shutting down plugin 'MRG_MYISAM'
2022-11-25 16:41:11 3840 [Note] Shutting down plugin 'MyISAM'
2022-11-25 16:41:11 3840 [Note] Shutting down plugin 'MEMORY'
2022-11-25 16:41:11 3840 [Note] Shutting down plugin 'CSV'
2022-11-25 16:41:11 3840 [Note] Shutting down plugin 'sha256_password'
2022-11-25 16:41:11 3840 [Note] Shutting down plugin 'mysql_old_password'
2022-11-25 16:41:11 3840 [Note] Shutting down plugin 'mysql_native_password'
2022-11-25 16:41:11 3840 [Note] Shutting down plugin 'binlog'
2022-11-25 16:41:11 3840 [Note] D:\ArizaDAW2\USBWebServer/mysql/bin/mysqld_usbwv8.exe: Shutdown complete

2022-11-25 16:41:36 6284 [Note] Plugin 'FEDERATED' is disabled.
2022-11-25 16:41:36 6284 [Note] InnoDB: The InnoDB memory heap is disabled
2022-11-25 16:41:36 6284 [Note] InnoDB: Mutexes and rw_locks use Windows interlocked functions
2022-11-25 16:41:36 6284 [Note] InnoDB: Compressed tables use zlib 1.2.3
2022-11-25 16:41:36 6284 [Note] InnoDB: Not using CPU crc32 instructions
2022-11-25 16:41:36 6284 [Note] InnoDB: Initializing buffer pool, size = 128.0M
2022-11-25 16:41:36 6284 [Note] InnoDB: Completed initialization of buffer pool
2022-11-25 16:41:36 6284 [Note] InnoDB: Highest supported file format is Barracuda.
2022-11-25 16:41:36 6284 [Note] InnoDB: 128 rollback segment(s) are active.
2022-11-25 16:41:36 6284 [Note] InnoDB: Waiting for purge to start
2022-11-25 16:41:36 6284 [Note] InnoDB: 5.6.13 started; log sequence number 1633923
2022-11-25 16:41:36 6284 [Note] Server hostname (bind-address): '*'; port: 3306
2022-11-25 16:41:36 6284 [Note] IPv6 is available.
2022-11-25 16:41:36 6284 [Note]   - '::' resolves to '::';
2022-11-25 16:41:36 6284 [Note] Server socket created on IP: '::'.
2022-11-25 16:41:55 13168 [Note] Plugin 'FEDERATED' is disabled.
2022-11-25 16:41:55 13168 [Note] InnoDB: The InnoDB memory heap is disabled
2022-11-25 16:41:55 13168 [Note] InnoDB: Mutexes and rw_locks use Windows interlocked functions
2022-11-25 16:41:55 13168 [Note] InnoDB: Compressed tables use zlib 1.2.3
2022-11-25 16:41:55 13168 [Note] InnoDB: Not using CPU crc32 instructions
2022-11-25 16:41:55 13168 [Note] InnoDB: Initializing buffer pool, size = 128.0M
2022-11-25 16:41:55 13168 [Note] InnoDB: Completed initialization of buffer pool
2022-11-25 16:41:55 13168 [Note] InnoDB: Highest supported file format is Barracuda.
2022-11-25 16:41:55 13168 [Note] InnoDB: The log sequence numbers 1633923 and 1633923 in ibdata files do not match the log sequence number 1633933 in the ib_logfiles!
2022-11-25 16:41:55 13168 [Note] InnoDB: Database was not shutdown normally!
2022-11-25 16:41:55 13168 [Note] InnoDB: Starting crash recovery.
2022-11-25 16:41:55 13168 [Note] InnoDB: Reading tablespace information from the .ibd files...
2022-11-25 16:41:55 13168 [Note] InnoDB: Restoring possible half-written data pages 
2022-11-25 16:41:55 13168 [Note] InnoDB: from the doublewrite buffer...
2022-11-25 16:41:56 13168 [Note] InnoDB: 128 rollback segment(s) are active.
2022-11-25 16:41:56 13168 [Note] InnoDB: Waiting for purge to start
2022-11-25 16:41:56 13168 [Note] InnoDB: 5.6.13 started; log sequence number 1633933
2022-11-25 16:41:56 13168 [Note] Server hostname (bind-address): '*'; port: 3306
2022-11-25 16:41:56 13168 [Note] IPv6 is available.
2022-11-25 16:41:56 13168 [Note]   - '::' resolves to '::';
2022-11-25 16:41:56 13168 [Note] Server socket created on IP: '::'.
2022-11-25 16:42:40 10860 [Note] Plugin 'FEDERATED' is disabled.
2022-11-25 16:42:40 10860 [Note] InnoDB: The InnoDB memory heap is disabled
2022-11-25 16:42:40 10860 [Note] InnoDB: Mutexes and rw_locks use Windows interlocked functions
2022-11-25 16:42:40 10860 [Note] InnoDB: Compressed tables use zlib 1.2.3
2022-11-25 16:42:40 10860 [Note] InnoDB: Not using CPU crc32 instructions
2022-11-25 16:42:40 10860 [Note] InnoDB: Initializing buffer pool, size = 128.0M
2022-11-25 16:42:40 10860 [Note] InnoDB: Completed initialization of buffer pool
2022-11-25 16:42:40 10860 [ERROR] InnoDB: D:\ArizaDAW2\USBWebServer\mysql\data\ibdata1 can't be opened in read-write mode
2022-11-25 16:42:40 10860 [ERROR] InnoDB: The system tablespace must be writable!
2022-11-25 16:42:40 10860 [ERROR] Plugin 'InnoDB' init function returned error.
2022-11-25 16:42:40 10860 [ERROR] Plugin 'InnoDB' registration as a STORAGE ENGINE failed.
2022-11-25 16:42:40 10860 [ERROR] Unknown/unsupported storage engine: InnoDB
2022-11-25 16:42:40 10860 [ERROR] Aborting

2022-11-25 16:42:40 10860 [Note] Binlog end
2022-11-25 16:42:40 10860 [Note] Shutting down plugin 'partition'
2022-11-25 16:42:40 10860 [Note] Shutting down plugin 'PERFORMANCE_SCHEMA'
2022-11-25 16:42:40 10860 [Note] Shutting down plugin 'INNODB_SYS_DATAFILES'
2022-11-25 16:42:40 10860 [Note] Shutting down plugin 'INNODB_SYS_TABLESPACES'
2022-11-25 16:42:40 10860 [Note] Shutting down plugin 'INNODB_SYS_FOREIGN_COLS'
2022-11-25 16:42:40 10860 [Note] Shutting down plugin 'INNODB_SYS_FOREIGN'
2022-11-25 16:42:40 10860 [Note] Shutting down plugin 'INNODB_SYS_FIELDS'
2022-11-25 16:42:40 10860 [Note] Shutting down plugin 'INNODB_SYS_COLUMNS'
2022-11-25 16:42:40 10860 [Note] Shutting down plugin 'INNODB_SYS_INDEXES'
2022-11-25 16:42:40 10860 [Note] Shutting down plugin 'INNODB_SYS_TABLESTATS'
2022-11-25 16:42:40 10860 [Note] Shutting down plugin 'INNODB_SYS_TABLES'
2022-11-25 16:42:40 10860 [Note] Shutting down plugin 'INNODB_FT_INDEX_TABLE'
2022-11-25 16:42:40 10860 [Note] Shutting down plugin 'INNODB_FT_INDEX_CACHE'
2022-11-25 16:42:40 10860 [Note] Shutting down plugin 'INNODB_FT_CONFIG'
2022-11-25 16:42:40 10860 [Note] Shutting down plugin 'INNODB_FT_BEING_DELETED'
2022-11-25 16:42:40 10860 [Note] Shutting down plugin 'INNODB_FT_DELETED'
2022-11-25 16:42:40 10860 [Note] Shutting down plugin 'INNODB_FT_DEFAULT_STOPWORD'
2022-11-25 16:42:40 10860 [Note] Shutting down plugin 'INNODB_METRICS'
2022-11-25 16:42:40 10860 [Note] Shutting down plugin 'INNODB_BUFFER_POOL_STATS'
2022-11-25 16:42:40 10860 [Note] Shutting down plugin 'INNODB_BUFFER_PAGE_LRU'
2022-11-25 16:42:40 10860 [Note] Shutting down plugin 'INNODB_BUFFER_PAGE'
2022-11-25 16:42:40 10860 [Note] Shutting down plugin 'INNODB_CMP_PER_INDEX_RESET'
2022-11-25 16:42:40 10860 [Note] Shutting down plugin 'INNODB_CMP_PER_INDEX'
2022-11-25 16:42:40 10860 [Note] Shutting down plugin 'INNODB_CMPMEM_RESET'
2022-11-25 16:42:40 10860 [Note] Shutting down plugin 'INNODB_CMPMEM'
2022-11-25 16:42:40 10860 [Note] Shutting down plugin 'INNODB_CMP_RESET'
2022-11-25 16:42:40 10860 [Note] Shutting down plugin 'INNODB_CMP'
2022-11-25 16:42:40 10860 [Note] Shutting down plugin 'INNODB_LOCK_WAITS'
2022-11-25 16:42:40 10860 [Note] Shutting down plugin 'INNODB_LOCKS'
2022-11-25 16:42:40 10860 [Note] Shutting down plugin 'INNODB_TRX'
2022-11-25 16:42:40 10860 [Note] Shutting down plugin 'BLACKHOLE'
2022-11-25 16:42:40 10860 [Note] Shutting down plugin 'ARCHIVE'
2022-11-25 16:42:40 10860 [Note] Shutting down plugin 'MRG_MYISAM'
2022-11-25 16:42:40 10860 [Note] Shutting down plugin 'MyISAM'
2022-11-25 16:42:40 10860 [Note] Shutting down plugin 'MEMORY'
2022-11-25 16:42:40 10860 [Note] Shutting down plugin 'CSV'
2022-11-25 16:42:40 10860 [Note] Shutting down plugin 'sha256_password'
2022-11-25 16:42:40 10860 [Note] Shutting down plugin 'mysql_old_password'
2022-11-25 16:42:40 10860 [Note] Shutting down plugin 'mysql_native_password'
2022-11-25 16:42:40 10860 [Note] Shutting down plugin 'binlog'
2022-11-25 16:42:40 10860 [Note] D:\ArizaDAW2\USBWebServer/mysql/bin/mysqld_usbwv8.exe: Shutdown complete

2022-11-25 16:42:53 6856 [Note] Plugin 'FEDERATED' is disabled.
2022-11-25 16:42:53 6856 [Note] InnoDB: The InnoDB memory heap is disabled
2022-11-25 16:42:53 6856 [Note] InnoDB: Mutexes and rw_locks use Windows interlocked functions
2022-11-25 16:42:53 6856 [Note] InnoDB: Compressed tables use zlib 1.2.3
2022-11-25 16:42:53 6856 [Note] InnoDB: Not using CPU crc32 instructions
2022-11-25 16:42:53 6856 [Note] InnoDB: Initializing buffer pool, size = 128.0M
2022-11-25 16:42:53 6856 [Note] InnoDB: Completed initialization of buffer pool
2022-11-25 16:42:53 6856 [Note] InnoDB: Highest supported file format is Barracuda.
2022-11-25 16:42:53 6856 [Note] InnoDB: The log sequence numbers 1633923 and 1633923 in ibdata files do not match the log sequence number 1633943 in the ib_logfiles!
2022-11-25 16:42:53 6856 [Note] InnoDB: Database was not shutdown normally!
2022-11-25 16:42:53 6856 [Note] InnoDB: Starting crash recovery.
2022-11-25 16:42:53 6856 [Note] InnoDB: Reading tablespace information from the .ibd files...
2022-11-25 16:42:53 6856 [Note] InnoDB: Restoring possible half-written data pages 
2022-11-25 16:42:53 6856 [Note] InnoDB: from the doublewrite buffer...
2022-11-25 16:42:53 6856 [Note] InnoDB: 128 rollback segment(s) are active.
2022-11-25 16:42:53 6856 [Note] InnoDB: Waiting for purge to start
2022-11-25 16:42:53 6856 [Note] InnoDB: 5.6.13 started; log sequence number 1633943
2022-11-25 16:42:53 6856 [Note] Server hostname (bind-address): '*'; port: 3306
2022-11-25 16:42:53 6856 [Note] IPv6 is available.
2022-11-25 16:42:53 6856 [Note]   - '::' resolves to '::';
2022-11-25 16:42:53 6856 [Note] Server socket created on IP: '::'.
2022-11-25 16:43:06 6880 [Note] Plugin 'FEDERATED' is disabled.
2022-11-25 16:43:06 6880 [Note] InnoDB: The InnoDB memory heap is disabled
2022-11-25 16:43:06 6880 [Note] InnoDB: Mutexes and rw_locks use Windows interlocked functions
2022-11-25 16:43:06 6880 [Note] InnoDB: Compressed tables use zlib 1.2.3
2022-11-25 16:43:06 6880 [Note] InnoDB: Not using CPU crc32 instructions
2022-11-25 16:43:06 6880 [Note] InnoDB: Initializing buffer pool, size = 128.0M
2022-11-25 16:43:06 6880 [Note] InnoDB: Completed initialization of buffer pool
2022-11-25 16:43:06 6880 [Note] InnoDB: Highest supported file format is Barracuda.
2022-11-25 16:43:06 6880 [Note] InnoDB: The log sequence numbers 1633923 and 1633923 in ibdata files do not match the log sequence number 1633953 in the ib_logfiles!
2022-11-25 16:43:06 6880 [Note] InnoDB: Database was not shutdown normally!
2022-11-25 16:43:06 6880 [Note] InnoDB: Starting crash recovery.
2022-11-25 16:43:06 6880 [Note] InnoDB: Reading tablespace information from the .ibd files...
2022-11-25 16:43:06 6880 [Note] InnoDB: Restoring possible half-written data pages 
2022-11-25 16:43:06 6880 [Note] InnoDB: from the doublewrite buffer...
2022-11-25 16:43:06 6880 [Note] InnoDB: 128 rollback segment(s) are active.
2022-11-25 16:43:06 6880 [Note] InnoDB: Waiting for purge to start
2022-11-25 16:43:06 6880 [Note] InnoDB: 5.6.13 started; log sequence number 1633953
2022-11-25 16:43:06 6880 [Note] Server hostname (bind-address): '*'; port: 3306
2022-11-25 16:43:06 6880 [Note] IPv6 is available.
2022-11-25 16:43:06 6880 [Note]   - '::' resolves to '::';
2022-11-25 16:43:06 6880 [Note] Server socket created on IP: '::'.
